hook.js:608 ⚠️ React Router Future Flag Warning: React Router will begin wrapping state updates in `React.startTransition` in v7. You can use the `v7_startTransition` future flag to opt-in early. For more information, see https://reactrouter.com/v6/upgrading/future#v7_starttransition. Error Component Stack
    at BrowserRouter (react-router-dom.js?v=2afe7670:5267:5)
overrideMethod @ hook.js:608
hook.js:608 ⚠️ React Router Future Flag Warning: Relative route resolution within Splat routes is changing in v7. You can use the `v7_relativeSplatPath` future flag to opt-in early. For more information, see https://reactrouter.com/v6/upgrading/future#v7_relativesplatpath. Error Component Stack
    at BrowserRouter (react-router-dom.js?v=2afe7670:5267:5)
overrideMethod @ hook.js:608
chunk-G52XTN3B.js?v=2afe7670:16691 Uncaught ReferenceError: guidesData is not defined
    at GuidesPage.jsx:31:19
    at commitHookEffectListMount (chunk-G52XTN3B.js?v=2afe7670:16936:34)
    at commitPassiveMountOnFiber (chunk-G52XTN3B.js?v=2afe7670:18184:19)
    at commitPassiveMountEffects_complete (chunk-G52XTN3B.js?v=2afe7670:18157:17)
    at commitPassiveMountEffects_begin (chunk-G52XTN3B.js?v=2afe7670:18147:15)
    at commitPassiveMountEffects (chunk-G52XTN3B.js?v=2afe7670:18137:11)
    at flushPassiveEffectsImpl (chunk-G52XTN3B.js?v=2afe7670:19518:11)
    at flushPassiveEffects (chunk-G52XTN3B.js?v=2afe7670:19475:22)
    at commitRootImpl (chunk-G52XTN3B.js?v=2afe7670:19444:13)
    at commitRoot (chunk-G52XTN3B.js?v=2afe7670:19305:13)
chunk-G52XTN3B.js?v=2afe7670:16691 Uncaught ReferenceError: guidesData is not defined
    at GuidesPage.jsx:31:19
    at commitHookEffectListMount (chunk-G52XTN3B.js?v=2afe7670:16936:34)
    at invokePassiveEffectMountInDEV (chunk-G52XTN3B.js?v=2afe7670:18352:19)
    at invokeEffectsInDev (chunk-G52XTN3B.js?v=2afe7670:19729:19)
    at commitDoubleInvokeEffectsInDEV (chunk-G52XTN3B.js?v=2afe7670:19714:15)
    at flushPassiveEffectsImpl (chunk-G52XTN3B.js?v=2afe7670:19531:13)
    at flushPassiveEffects (chunk-G52XTN3B.js?v=2afe7670:19475:22)
    at commitRootImpl (chunk-G52XTN3B.js?v=2afe7670:19444:13)
    at commitRoot (chunk-G52XTN3B.js?v=2afe7670:19305:13)
    at performSyncWorkOnRoot (chunk-G52XTN3B.js?v=2afe7670:18923:11)
hook.js:608 The above error occurred in the <GuidesPage> component:

    at GuidesPage (http://localhost:5173/src/pages/GuidesPage.jsx?t=1748722488888:27:20)
    at RenderedRoute (http://localhost:5173/node_modules/.vite/deps/react-router-dom.js?v=2afe7670:4104:5)
    at Outlet (http://localhost:5173/node_modules/.vite/deps/react-router-dom.js?v=2afe7670:4511:26)
    at main
    at MainLayout (http://localhost:5173/src/App.jsx:53:24)
    at RenderedRoute (http://localhost:5173/node_modules/.vite/deps/react-router-dom.js?v=2afe7670:4104:5)
    at Routes (http://localhost:5173/node_modules/.vite/deps/react-router-dom.js?v=2afe7670:4575:5)
    at div
    at App
    at Router (http://localhost:5173/node_modules/.vite/deps/react-router-dom.js?v=2afe7670:4518:15)
    at BrowserRouter (http://localhost:5173/node_modules/.vite/deps/react-router-dom.js?v=2afe7670:5267:5)

Consider adding an error boundary to your tree to customize error handling behavior.
Visit https://reactjs.org/link/error-boundaries to learn more about error boundaries.
overrideMethod @ hook.js:608
hook.js:608 The above error occurred in the <GuidesPage> component:

    at GuidesPage (http://localhost:5173/src/pages/GuidesPage.jsx?t=1748722488888:27:20)
    at RenderedRoute (http://localhost:5173/node_modules/.vite/deps/react-router-dom.js?v=2afe7670:4104:5)
    at Outlet (http://localhost:5173/node_modules/.vite/deps/react-router-dom.js?v=2afe7670:4511:26)
    at main
    at MainLayout (http://localhost:5173/src/App.jsx:53:24)
    at RenderedRoute (http://localhost:5173/node_modules/.vite/deps/react-router-dom.js?v=2afe7670:4104:5)
    at Routes (http://localhost:5173/node_modules/.vite/deps/react-router-dom.js?v=2afe7670:4575:5)
    at div
    at App
    at Router (http://localhost:5173/node_modules/.vite/deps/react-router-dom.js?v=2afe7670:4518:15)
    at BrowserRouter (http://localhost:5173/node_modules/.vite/deps/react-router-dom.js?v=2afe7670:5267:5)

Consider adding an error boundary to your tree to customize error handling behavior.
Visit https://reactjs.org/link/error-boundaries to learn more about error boundaries.
overrideMethod @ hook.js:608
chunk-G52XTN3B.js?v=2afe7670:9145 Uncaught ReferenceError: guidesData is not defined
    at GuidesPage.jsx:31:19
    at commitHookEffectListMount (chunk-G52XTN3B.js?v=2afe7670:16936:34)
    at commitPassiveMountOnFiber (chunk-G52XTN3B.js?v=2afe7670:18184:19)
    at commitPassiveMountEffects_complete (chunk-G52XTN3B.js?v=2afe7670:18157:17)
    at commitPassiveMountEffects_begin (chunk-G52XTN3B.js?v=2afe7670:18147:15)
    at commitPassiveMountEffects (chunk-G52XTN3B.js?v=2afe7670:18137:11)
    at flushPassiveEffectsImpl (chunk-G52XTN3B.js?v=2afe7670:19518:11)
    at flushPassiveEffects (chunk-G52XTN3B.js?v=2afe7670:19475:22)
    at commitRootImpl (chunk-G52XTN3B.js?v=2afe7670:19444:13)
    at commitRoot (chunk-G52XTN3B.js?v=2afe7670:19305:13)
127.0.0.1:8080/api/ressources/liste/type/guide:1 
            
            
           Failed to load resource: the server responded with a status of 400 (Bad Request)
hook.js:608 Erreur lors de la récupération des guides: AxiosError
overrideMethod @ hook.js:608
127.0.0.1:8080/api/ressources/liste/type/guide:1 
            
            
           Failed to load resource: the server responded with a status of 400 (Bad Request)
hook.js:608 Erreur lors de la récupération des guides: AxiosError
overrideMethod @ hook.js:608
